Arguments: 
  /usr/local/Cellar/node/14.0.0/bin/node /usr/local/bin/yarn init

PATH: 
  /Users/pwall/.local/share/virtualenvs/eink-radiator-pKZ4b8SV/bin:/usr/local/sbin:/usr/local/bin:/usr/bin:/bin:/usr/sbin:/sbin:/usr/texbin:/usr/local/MacGPG2/bin:/opt/X11/bin:/Library/Apple/usr/bin:/Users/pwall/.local/share/virtualenvs/eink-radiator-pKZ4b8SV/bin:/usr/local/sbin:/Applications/Visual Studio Code.app/Contents/Resources/app/bin:/Users/pwall/bin:/Users/pwall/src/petewall/systemsetup/etc/../bin:/Applications/Visual Studio Code.app/Contents/Resources/app/bin:/Users/pwall/bin:/Users/pwall/src/petewall/systemsetup/etc/../bin

Yarn version: 
  1.22.4

Node version: 
  14.0.0

Platform: 
  darwin x64

Trace: 
  Error: canceled
      at Interface.<anonymous> (/usr/local/lib/node_modules/yarn/lib/cli.js:137008:13)
      at Interface.emit (events.js:315:20)
      at Interface._ttyWrite (readline.js:873:16)
      at ReadStream.onkeypress (readline.js:213:10)
      at ReadStream.emit (events.js:315:20)
      at emitKeys (internal/readline/utils.js:335:14)
      at emitKeys.next (<anonymous>)
      at ReadStream.onData (readline.js:1140:36)
      at ReadStream.emit (events.js:315:20)
      at addChunk (_stream_readable.js:296:12)

npm manifest: 
  No manifest

yarn manifest: 
  No manifest

Lockfile: 
  No lockfile
